<?xml version="1.0" encoding="UTF-8"?>
<testsuite name="UserStartTest" tests="1" skipped="0" failures="0" errors="0" timestamp="2024-04-09T23:52:12" hostname="DM-H8" time="0.023">
  <properties/>
  <testcase name="testUserStart()" classname="UserStartTest" time="0.023"/>
  <system-out><![CDATA[]]></system-out>
  <system-err><![CDATA[]]></system-err>
</testsuite>
