<?xml version="1.0" encoding="UTF-8"?>
<testsuite name="FileManagerTest" tests="1" skipped="0" failures="0" errors="0" timestamp="2024-04-09T23:52:10" hostname="DM-H8" time="1.59">
  <properties/>
  <testcase name="testFileManager()" classname="FileManagerTest" time="1.59"/>
  <system-out><![CDATA[]]></system-out>
  <system-err><![CDATA[]]></system-err>
</testsuite>
