<?xml version="1.0" encoding="UTF-8"?>
<testsuite name="UserStartImplementation" tests="1" skipped="0" failures="0" errors="0" timestamp="2024-04-09T23:52:12" hostname="DM-H8" time="0.001">
  <properties/>
  <testcase name="implementationTest()" classname="UserStartImplementation" time="0.001"/>
  <system-out><![CDATA[]]></system-out>
  <system-err><![CDATA[]]></system-err>
</testsuite>
