<?xml version="1.0" encoding="UTF-8"?>
<testsuite name="TestMultiUser" tests="1" skipped="0" failures="0" errors="0" timestamp="2024-04-09T23:52:11" hostname="DM-H8" time="0.124">
  <properties/>
  <testcase name="compareMultiAndSingleThreaded()" classname="TestMultiUser" time="0.124"/>
  <system-out><![CDATA[]]></system-out>
  <system-err><![CDATA[]]></system-err>
</testsuite>
