<?xml version="1.0" encoding="UTF-8"?>
<testsuite name="EngineTest" tests="1" skipped="0" failures="0" errors="0" timestamp="2024-04-09T23:52:10" hostname="DM-H8" time="0.04">
  <properties/>
  <testcase name="computeTest()" classname="EngineTest" time="0.04"/>
  <system-out><![CDATA[]]></system-out>
  <system-err><![CDATA[]]></system-err>
</testsuite>
